{
  "RSpec": {
    "coverage": {
      "/Users/toluoyeniyi/Desktop/projects/MuteTwitterSpoilers/spec/controllers/mutedphrases_controller_spec.rb": [
        1,
        null,
        1,
        1,
        1,
        null,
        1,
        1,
        null,
        null,
        null,
        null,
        null,
        1,
        1,
        0,
        0,
        0,
        0,
        0,
        null,
        null,
        null,
        1,
        1,
        0,
        0,
        0,
        0,
        null,
        null,
        null,
        1,
        1,
        0,
        0,
        0,
        0,
        null,
        null,
        null,
        1,
        1,
        0,
        0,
        0,
        0,
        null,
        null,
        null,
        1,
        1,
        0,
        0,
        0,
        0,
        null,
        null,
        null,
        1,
        1,
        0,
        null,
        0,
        0,
        0,
        0,
        0,
        0,
        null,
        null,
        null,
        1,
        1,
        0,
        0,
        0,
        0,
        0,
        0,
        0,
        null,
        null,
        null,
        null
      ],
      "/Users/toluoyeniyi/Desktop/projects/MuteTwitterSpoilers/spec/rails_helper.rb": [
        null,
        1,
        1,
        null,
        1,
        1,
        1,
        null,
        null,
        null,
        null,
        null,
        null,
        null,
        null,
        null,
        null,
        null,
        null,
        null,
        null,
        null,
        null,
        null,
        null,
        null,
        1,
        null,
        1,
        null,
        1,
        null,
        null,
        null,
        null,
        null,
        null,
        null,
        null,
        null,
        null,
        null,
        null,
        null,
        null,
        null,
        null,
        null,
        null,
        null,
        1,
        null,
        null,
        1,
        null,
        null,
        1,
        null,
        1,
        1,
        null,
        null,
        1,
        12,
        null,
        null,
        1,
        12,
        null,
        null
      ],
      "/Users/toluoyeniyi/Desktop/projects/MuteTwitterSpoilers/config/environment.rb": [
        null,
        1,
        null,
        null,
        1
      ],
      "/Users/toluoyeniyi/Desktop/projects/MuteTwitterSpoilers/config/application.rb": [
        1,
        null,
        1,
        null,
        null,
        null,
        1,
        null,
        1,
        1,
        null,
        null,
        null,
        null,
        null
      ],
      "/Users/toluoyeniyi/Desktop/projects/MuteTwitterSpoilers/config/boot.rb": [
        1,
        null,
        1
      ],
      "/Users/toluoyeniyi/Desktop/projects/MuteTwitterSpoilers/config/spring.rb": [
        null,
        null,
        null,
        null,
        null,
        5
      ],
      "/Users/toluoyeniyi/Desktop/projects/MuteTwitterSpoilers/config/environments/test.rb": [
        1,
        null,
        null,
        null,
        null,
        null,
        null,
        1,
        null,
        null,
        null,
        null,
        1,
        null,
        null,
        1,
        1,
        null,
        null,
        null,
        null,
        1,
        1,
        null,
        null,
        1,
        null,
        null,
        1,
        1,
        null,
        null,
        null,
        null,
        1,
        null,
        null,
        1,
        null,
        null,
        null,
        null
      ],
      "/Users/toluoyeniyi/Desktop/projects/MuteTwitterSpoilers/config/initializers/application_controller_renderer.rb": [
        null,
        null,
        null,
        null,
        null,
        null
      ],
      "/Users/toluoyeniyi/Desktop/projects/MuteTwitterSpoilers/config/initializers/assets.rb": [
        null,
        null,
        null,
        1,
        null,
        null,
        null,
        null,
        null,
        null,
        null
      ],
      "/Users/toluoyeniyi/Desktop/projects/MuteTwitterSpoilers/config/initializers/backtrace_silencers.rb": [
        null,
        null,
        null,
        null,
        null,
        null,
        null
      ],
      "/Users/toluoyeniyi/Desktop/projects/MuteTwitterSpoilers/config/initializers/cookies_serializer.rb": [
        null,
        null,
        null,
        null,
        1
      ],
      "/Users/toluoyeniyi/Desktop/projects/MuteTwitterSpoilers/config/initializers/filter_parameter_logging.rb": [
        null,
        null,
        null,
        1
      ],
      "/Users/toluoyeniyi/Desktop/projects/MuteTwitterSpoilers/config/initializers/inflections.rb": [
        null,
        null,
        null,
        null,
        null,
        null,
        null,
        null,
        null,
        null,
        null,
        null,
        null,
        null,
        null,
        null
      ],
      "/Users/toluoyeniyi/Desktop/projects/MuteTwitterSpoilers/config/initializers/mime_types.rb": [
        null,
        null,
        null,
        null
      ],
      "/Users/toluoyeniyi/Desktop/projects/MuteTwitterSpoilers/config/initializers/new_framework_defaults.rb": [
        null,
        null,
        null,
        null,
        null,
        null,
        null,
        1,
        null,
        null,
        1,
        null,
        null,
        null,
        1,
        null,
        null,
        1,
        null,
        null,
        1,
        null,
        null,
        1
      ],
      "/Users/toluoyeniyi/Desktop/projects/MuteTwitterSpoilers/config/initializers/omniauth.rb": [
        1,
        1,
        null
      ],
      "/Users/toluoyeniyi/Desktop/projects/MuteTwitterSpoilers/config/initializers/session_store.rb": [
        null,
        null,
        1
      ],
      "/Users/toluoyeniyi/Desktop/projects/MuteTwitterSpoilers/config/initializers/wrap_parameters.rb": [
        null,
        null,
        null,
        null,
        null,
        null,
        1,
        2,
        null,
        null,
        null,
        null,
        null,
        null
      ],
      "/Users/toluoyeniyi/Desktop/projects/MuteTwitterSpoilers/app/helpers/application_helper.rb": [
        1,
        null
      ],
      "/Users/toluoyeniyi/Desktop/projects/MuteTwitterSpoilers/app/helpers/mutedphrases_helper.rb": [
        1,
        null
      ],
      "/Users/toluoyeniyi/Desktop/projects/MuteTwitterSpoilers/app/helpers/sessions_helper.rb": [
        1,
        null
      ],
      "/Users/toluoyeniyi/Desktop/projects/MuteTwitterSpoilers/app/helpers/users_helper.rb": [
        1,
        null
      ],
      "/Users/toluoyeniyi/Desktop/projects/MuteTwitterSpoilers/config/routes.rb": [
        1,
        null,
        1,
        null,
        1,
        null,
        null,
        1,
        1,
        1,
        1,
        null,
        null,
        null,
        1,
        null,
        1,
        1,
        1,
        1,
        null,
        null
      ],
      "/Users/toluoyeniyi/Desktop/projects/MuteTwitterSpoilers/app/controllers/mutedphrases_controller.rb": [
        1,
        1,
        0,
        0,
        null,
        0,
        null,
        null,
        null,
        1,
        null,
        null,
        1,
        0,
        0,
        0,
        0,
        0,
        null,
        null,
        null,
        1,
        0,
        0,
        0,
        null,
        null,
        1,
        0,
        0,
        null,
        null,
        1,
        0,
        0,
        null,
        null,
        1,
        0,
        0,
        null,
        null
      ],
      "/Users/toluoyeniyi/Desktop/projects/MuteTwitterSpoilers/app/controllers/application_controller.rb": [
        1,
        1,
        null,
        1,
        1,
        null,
        1,
        null,
        1,
        2,
        null,
        null,
        1,
        0,
        0,
        0,
        0,
        0,
        null,
        null,
        null,
        1,
        0,
        null,
        0,
        0,
        0,
        0,
        null,
        null,
        0,
        null,
        null,
        1,
        0,
        0,
        null,
        null,
        0,
        0,
        0,
        0,
        0,
        0,
        null,
        null,
        0,
        0,
        0,
        0,
        null,
        null,
        null,
        null,
        null,
        null,
        null,
        1,
        0,
        0,
        0,
        0,
        null,
        0,
        0,
        null,
        null,
        null
      ],
      "/Users/toluoyeniyi/Desktop/projects/MuteTwitterSpoilers/spec/controllers/sessions_controller_spec.rb": [
        1,
        null,
        1,
        5,
        null,
        1,
        1,
        1,
        1,
        1,
        1,
        1,
        null,
        null,
        1,
        1,
        1,
        null,
        1,
        1,
        1,
        1,
        null,
        null,
        null,
        null,
        null,
        1,
        1,
        1,
        1,
        1,
        1,
        null,
        null,
        null,
        1,
        1,
        1,
        1,
        1,
        1,
        null,
        null,
        null,
        null
      ],
      "/Users/toluoyeniyi/Desktop/projects/MuteTwitterSpoilers/app/controllers/sessions_controller.rb": [
        1,
        null,
        1,
        2,
        1,
        null,
        null,
        null,
        1,
        1,
        null,
        null,
        1,
        1,
        1,
        null,
        null,
        null
      ],
      "/Users/toluoyeniyi/Desktop/projects/MuteTwitterSpoilers/spec/controllers/users_controller_spec.rb": [
        1,
        null,
        1,
        null,
        1,
        2,
        null,
        null,
        1,
        1,
        1,
        1,
        1,
        2,
        1,
        1,
        1,
        null,
        null,
        null,
        1,
        1,
        1,
        null,
        null,
        null,
        null,
        1,
        1,
        1,
        1,
        1,
        1,
        1,
        null,
        null,
        null,
        null
      ],
      "/Users/toluoyeniyi/Desktop/projects/MuteTwitterSpoilers/app/controllers/users_controller.rb": [
        1,
        null,
        1,
        2,
        0,
        null,
        null,
        2,
        2,
        null,
        null,
        null,
        null,
        null,
        0,
        null,
        2,
        2,
        null,
        null,
        null,
        1,
        null,
        1,
        8,
        null,
        null,
        null
      ],
      "/Users/toluoyeniyi/Desktop/projects/MuteTwitterSpoilers/spec/helpers/mutedphrases_helper_spec.rb": [
        1,
        null,
        null,
        null,
        null,
        null,
        null,
        null,
        null,
        null,
        null,
        null,
        1,
        1,
        null
      ],
      "/Users/toluoyeniyi/Desktop/projects/MuteTwitterSpoilers/spec/helpers/sessions_helper_spec.rb": [
        1,
        null,
        null,
        null,
        null,
        null,
        null,
        null,
        null,
        null,
        null,
        null,
        1,
        1,
        null
      ],
      "/Users/toluoyeniyi/Desktop/projects/MuteTwitterSpoilers/spec/helpers/users_helper_spec.rb": [
        1,
        null,
        null,
        null,
        null,
        null,
        null,
        null,
        null,
        null,
        null,
        null,
        1,
        1,
        null
      ],
      "/Users/toluoyeniyi/Desktop/projects/MuteTwitterSpoilers/spec/models/follower_spec.rb": [
        1,
        null,
        1,
        3,
        3,
        null,
        1,
        1,
        1,
        1,
        1,
        1,
        null,
        null,
        null,
        1,
        1,
        1,
        1,
        1,
        1,
        1,
        null,
        null,
        null
      ],
      "/Users/toluoyeniyi/Desktop/projects/MuteTwitterSpoilers/app/models/follower.rb": [
        1,
        1,
        1,
        null,
        1,
        1,
        null
      ],
      "/Users/toluoyeniyi/Desktop/projects/MuteTwitterSpoilers/app/models/application_record.rb": [
        1,
        1,
        null
      ],
      "/Users/toluoyeniyi/Desktop/projects/MuteTwitterSpoilers/spec/models/phrase_spec.rb": [
        1,
        null,
        1,
        3,
        null,
        1,
        1,
        1,
        1,
        1,
        1,
        1,
        null,
        null,
        null,
        1,
        1,
        1,
        1,
        1,
        1,
        null,
        null,
        null,
        null
      ],
      "/Users/toluoyeniyi/Desktop/projects/MuteTwitterSpoilers/app/models/phrase.rb": [
        1,
        1,
        1,
        null,
        1,
        1,
        null
      ],
      "/Users/toluoyeniyi/Desktop/projects/MuteTwitterSpoilers/spec/models/user_spec.rb": [
        1,
        null,
        1,
        null,
        3,
        2,
        null,
        1,
        1,
        1,
        1,
        1,
        null,
        null,
        null,
        1,
        1,
        1,
        1,
        1,
        1,
        1,
        1,
        1,
        null,
        null,
        null
      ],
      "/Users/toluoyeniyi/Desktop/projects/MuteTwitterSpoilers/app/models/user.rb": [
        1,
        1,
        1,
        null,
        1,
        1,
        1,
        null
      ]
    },
    "timestamp": 1476671593
  }
}
